PRT1
12
17
4 0 2 (-1024 0 76 ) (-1024 0 1140 ) (-1024 428 1140 ) (-1024 428 76 ) 
4 0 1 (-1024 0 1140 ) (-1024 0 76 ) (-208 0 76 ) (-208 0 1140 ) 
4 1 6 (-208 -1024 1140 ) (-1024 -1024 1140 ) (-1024 -1024 76 ) (-208 -1024 76 ) 
4 1 3 (-1024 -1024 76 ) (-1024 -1024 1140 ) (-1024 0 1140 ) (-1024 0 76 ) 
4 2 4 (-2048 0 76 ) (-2048 0 1140 ) (-2048 428 1140 ) (-2048 428 76 ) 
4 2 3 (-1024 0 76 ) (-1024 0 1140 ) (-2048 0 1140 ) (-2048 0 76 ) 
4 3 8 (-1024 -1024 76 ) (-1024 -1024 1140 ) (-2048 -1024 1140 ) (-2048 -1024 76 ) 
4 3 5 (-2048 -1024 76 ) (-2048 -1024 1140 ) (-2048 0 1140 ) (-2048 0 76 ) 
4 4 5 (-2048 0 76 ) (-2048 0 1140 ) (-2608 0 1140 ) (-2608 0 76 ) 
4 5 9 (-2048 -1024 76 ) (-2048 -1024 1140 ) (-2608 -1024 1140 ) (-2608 -1024 76 ) 
4 6 8 (-1024 -1024 1140 ) (-1024 -1024 76 ) (-1024 -2048 76 ) (-1024 -2048 1140 ) 
4 6 7 (-208 -2048 1140 ) (-1024 -2048 1140 ) (-1024 -2048 76 ) (-208 -2048 76 ) 
4 7 10 (-1024 -2092 1140 ) (-1024 -2048 1140 ) (-1024 -2048 76 ) (-1024 -2092 76 ) 
4 8 10 (-1024 -2048 76 ) (-1024 -2048 1140 ) (-2048 -2048 1140 ) (-2048 -2048 76 ) 
4 8 9 (-2048 -1024 1140 ) (-2048 -1024 76 ) (-2048 -2048 76 ) (-2048 -2048 1140 ) 
4 9 11 (-2048 -2048 76 ) (-2048 -2048 1140 ) (-2608 -2048 1140 ) (-2608 -2048 76 ) 
4 10 11 (-2048 -2048 1140 ) (-2048 -2048 76 ) (-2048 -2092 76 ) (-2048 -2092 1140 ) 
